Determining if the pthread_create exist failed with the following output:
Change Dir: /home/user/drc_ws/build/CMakeFiles/CMakeTmp

Run Build Command:/usr/bin/make "cmTryCompileExec929335115/fast"
/usr/bin/make -f CMakeFiles/cmTryCompileExec929335115.dir/build.make CMakeFiles/cmTryCompileExec929335115.dir/build
make[1]: Entering directory `/home/user/drc_ws/build/CMakeFiles/CMakeTmp'
/usr/bin/cmake -E cmake_progress_report /home/user/drc_ws/build/CMakeFiles/CMakeTmp/CMakeFiles 1
Building C object CMakeFiles/cmTryCompileExec929335115.dir/CheckSymbolExists.c.o
/usr/bin/cc    -o CMakeFiles/cmTryCompileExec929335115.dir/CheckSymbolExists.c.o   -c /home/user/drc_ws/build/CMakeFiles/CMakeTmp/CheckSymbolExists.c
Linking C executable cmTryCompileExec929335115
/usr/bin/cmake -E cmake_link_script CMakeFiles/cmTryCompileExec929335115.dir/link.txt --verbose=1
/usr/bin/cc       CMakeFiles/cmTryCompileExec929335115.dir/CheckSymbolExists.c.o  -o cmTryCompileExec929335115 -rdynamic 
CMakeFiles/cmTryCompileExec929335115.dir/CheckSymbolExists.c.o: In function `main':
CheckSymbolExists.c:(.text+0x16): undefined reference to `pthread_create'
make[1]: Leaving directory `/home/user/drc_ws/build/CMakeFiles/CMakeTmp'
collect2: error: ld returned 1 exit status
make[1]: *** [cmTryCompileExec929335115] Error 1
make: *** [cmTryCompileExec929335115/fast] Error 2

File /home/user/drc_ws/build/CMakeFiles/CMakeTmp/CheckSymbolExists.c:
/* */
#include <pthread.h>

int main(int argc, char** argv)
{
  (void)argv;
#ifndef pthread_create
  return ((int*)(&pthread_create))[argc];
#else
  (void)argc;
  return 0;
#endif
}

Determining if the function pthread_create exists in the pthreads failed with the following output:
Change Dir: /home/user/drc_ws/build/CMakeFiles/CMakeTmp

Run Build Command:/usr/bin/make "cmTryCompileExec2078590126/fast"
/usr/bin/make -f CMakeFiles/cmTryCompileExec2078590126.dir/build.make CMakeFiles/cmTryCompileExec2078590126.dir/build
make[1]: Entering directory `/home/user/drc_ws/build/CMakeFiles/CMakeTmp'
/usr/bin/cmake -E cmake_progress_report /home/user/drc_ws/build/CMakeFiles/CMakeTmp/CMakeFiles 1
Building C object CMakeFiles/cmTryCompileExec2078590126.dir/CheckFunctionExists.c.o
/usr/bin/cc   -DCHECK_FUNCTION_EXISTS=pthread_create   -o CMakeFiles/cmTryCompileExec2078590126.dir/CheckFunctionExists.c.o   -c /usr/share/cmake-2.8/Modules/CheckFunctionExists.c
Linking C executable cmTryCompileExec2078590126
/usr/bin/cmake -E cmake_link_script CMakeFiles/cmTryCompileExec2078590126.dir/link.txt --verbose=1
/usr/bin/cc   -DCHECK_FUNCTION_EXISTS=pthread_create    CMakeFiles/cmTryCompileExec2078590126.dir/CheckFunctionExists.c.o  -o cmTryCompileExec2078590126 -rdynamic -lpthreads 
/usr/bin/ld: cannot find -lpthreads
collect2: error: ld returned 1 exit status
make[1]: *** [cmTryCompileExec2078590126] Error 1
make[1]: Leaving directory `/home/user/drc_ws/build/CMakeFiles/CMakeTmp'
make: *** [cmTryCompileExec2078590126/fast] Error 2


